
2018-08-13 21:35:49
[ERROR]-[Thread: qtp1301664418-26]-[com.jfinal.core.ActionHandler.handle()]: /admin/api/upload/article
java.lang.ClassCastException: com.wenhaofan.common.uplod.FileUploadApi cannot be cast to com.wenhaofan.common.controller.BaseController
	at com.wenhaofan.common.interceptor.AccessLogInterceptor.intercept(AccessLogInterceptor.java:27)
	at com.jfinal.aop.Invocation.invoke(Invocation.java:67)
	at com.jfinal.ext.interceptor.SessionInViewInterceptor.intercept(SessionInViewInterceptor.java:44)
	at com.jfinal.aop.Invocation.invoke(Invocation.java:67)
	at com.wenhaofan.common.interceptor.LoginInterceptor.intercept(LoginInterceptor.java:35)
	at com.jfinal.aop.Invocation.invoke(Invocation.java:67)
	at com.jfinal.core.ActionHandler.handle(ActionHandler.java:83)
	at com.jfinal.core.JFinalFilter.doFilter(JFinalFilter.java:73)
	at org.eclipse.jetty.servlet.ServletHandler$CachedChain.doFilter(ServletHandler.java:1307)
	at org.eclipse.jetty.servlet.ServletHandler.doHandle(ServletHandler.java:453)
	at org.eclipse.jetty.server.handler.ScopedHandler.handle(ScopedHandler.java:137)
	at org.eclipse.jetty.security.SecurityHandler.handle(SecurityHandler.java:560)
	at org.eclipse.jetty.server.session.SessionHandler.doHandle(SessionHandler.java:231)
	at org.eclipse.jetty.server.handler.ContextHandler.doHandle(ContextHandler.java:1072)
	at org.eclipse.jetty.servlet.ServletHandler.doScope(ServletHandler.java:382)
	at org.eclipse.jetty.server.session.SessionHandler.doScope(SessionHandler.java:193)
	at org.eclipse.jetty.server.handler.ContextHandler.doScope(ContextHandler.java:1006)
	at org.eclipse.jetty.server.handler.ScopedHandler.handle(ScopedHandler.java:135)
	at org.eclipse.jetty.server.handler.HandlerWrapper.handle(HandlerWrapper.java:116)
	at org.eclipse.jetty.server.Server.handle(Server.java:365)
	at org.eclipse.jetty.server.AbstractHttpConnection.handleRequest(AbstractHttpConnection.java:485)
	at org.eclipse.jetty.server.AbstractHttpConnection.content(AbstractHttpConnection.java:937)
	at org.eclipse.jetty.server.AbstractHttpConnection$RequestHandler.content(AbstractHttpConnection.java:998)
	at org.eclipse.jetty.http.HttpParser.parseNext(HttpParser.java:856)
	at org.eclipse.jetty.http.HttpParser.parseAvailable(HttpParser.java:240)
	at org.eclipse.jetty.server.AsyncHttpConnection.handle(AsyncHttpConnection.java:82)
	at org.eclipse.jetty.io.nio.SelectChannelEndPoint.handle(SelectChannelEndPoint.java:628)
	at org.eclipse.jetty.io.nio.SelectChannelEndPoint$1.run(SelectChannelEndPoint.java:52)
	at org.eclipse.jetty.util.thread.QueuedThreadPool.runJob(QueuedThreadPool.java:608)
	at org.eclipse.jetty.util.thread.QueuedThreadPool$3.run(QueuedThreadPool.java:543)
	at java.lang.Thread.run(Thread.java:745)

2018-08-13 21:38:12
[ERROR]-[Thread: qtp1301664418-36]-[com.jfinal.core.ActionHandler.handle()]: /admin/diy/action/list
com.jfinal.render.RenderException: com.jfinal.template.TemplateException: Template function not defined: mes
Template: "/_view/back/diy/diy_html_action.html". Line: 55
	at com.jfinal.render.TemplateRender.render(TemplateRender.java:62)
	at com.jfinal.core.ActionHandler.handle(ActionHandler.java:108)
	at com.jfinal.core.JFinalFilter.doFilter(JFinalFilter.java:73)
	at org.eclipse.jetty.servlet.ServletHandler$CachedChain.doFilter(ServletHandler.java:1307)
	at org.eclipse.jetty.servlet.ServletHandler.doHandle(ServletHandler.java:453)
	at org.eclipse.jetty.server.handler.ScopedHandler.handle(ScopedHandler.java:137)
	at org.eclipse.jetty.security.SecurityHandler.handle(SecurityHandler.java:560)
	at org.eclipse.jetty.server.session.SessionHandler.doHandle(SessionHandler.java:231)
	at org.eclipse.jetty.server.handler.ContextHandler.doHandle(ContextHandler.java:1072)
	at org.eclipse.jetty.servlet.ServletHandler.doScope(ServletHandler.java:382)
	at org.eclipse.jetty.server.session.SessionHandler.doScope(SessionHandler.java:193)
	at org.eclipse.jetty.server.handler.ContextHandler.doScope(ContextHandler.java:1006)
	at org.eclipse.jetty.server.handler.ScopedHandler.handle(ScopedHandler.java:135)
	at org.eclipse.jetty.server.handler.HandlerWrapper.handle(HandlerWrapper.java:116)
	at org.eclipse.jetty.server.Server.handle(Server.java:365)
	at org.eclipse.jetty.server.AbstractHttpConnection.handleRequest(AbstractHttpConnection.java:485)
	at org.eclipse.jetty.server.AbstractHttpConnection.headerComplete(AbstractHttpConnection.java:926)
	at org.eclipse.jetty.server.AbstractHttpConnection$RequestHandler.headerComplete(AbstractHttpConnection.java:988)
	at org.eclipse.jetty.http.HttpParser.parseNext(HttpParser.java:635)
	at org.eclipse.jetty.http.HttpParser.parseAvailable(HttpParser.java:235)
	at org.eclipse.jetty.server.AsyncHttpConnection.handle(AsyncHttpConnection.java:82)
	at org.eclipse.jetty.io.nio.SelectChannelEndPoint.handle(SelectChannelEndPoint.java:628)
	at org.eclipse.jetty.io.nio.SelectChannelEndPoint$1.run(SelectChannelEndPoint.java:52)
	at org.eclipse.jetty.util.thread.QueuedThreadPool.runJob(QueuedThreadPool.java:608)
	at org.eclipse.jetty.util.thread.QueuedThreadPool$3.run(QueuedThreadPool.java:543)
	at java.lang.Thread.run(Thread.java:745)
Caused by: com.jfinal.template.TemplateException: Template function not defined: mes
Template: "/_view/back/diy/diy_html_action.html". Line: 55
	at com.jfinal.template.stat.ast.Call.exec(Call.java:53)
	at com.jfinal.template.stat.ast.StatList.exec(StatList.java:68)
	at com.jfinal.template.ext.directive.RenderDirective.exec(RenderDirective.java:123)
	at com.jfinal.template.stat.ast.StatList.exec(StatList.java:68)
	at com.jfinal.template.Template.render(Template.java:55)
	at com.jfinal.render.TemplateRender.render(TemplateRender.java:60)
	... 25 more
